CBMC version 5.3 64-bit x86_64 linux
Parsing control_system.c
Converting
Type-checking control_system
Generating GOTO Program
Adding CPROVER library
Function Pointer Removal
Partial Inlining
Generic Property Instrumentation
Starting Bounded Model Checking
size of program expression: 127 steps
simple slicing removed 86 assignments
Generated 1 VCC(s), 1 remaining after simplification
Passing problem to propositional reduction
converting SSA
Running propositional reduction
Post-processing
Solving with MiniSAT 2.2.0 with simplifier
372 variables, 540 clauses
SAT checker: negated claim is SATISFIABLE, i.e., does not hold
Runtime decision procedure: 0.001s
Building error trace

Counterexample:

State 18  thread 0
----------------------------------------------------
  argv'[4098]=irep("(\"nil\")")[4098] (?)

State 21 file control_system.c line 27 thread 0
----------------------------------------------------
  argc=4098 (00000000000000000001000000000010)

State 22 file control_system.c line 27 thread 0
----------------------------------------------------
  argv=argv' (0000001000000000000000000000000000000000000000000000000000000000)

State 23 file control_system.c line 28 function main thread 0
----------------------------------------------------
  state={ .current_state=0, .prev_state=0 } ({ 00000000000000000000000000000000, 00000000000000000000000000000000 })

State 24 file control_system.c line 29 function main thread 0
----------------------------------------------------
  state.current_state=2 (00000000000000000000000000000010)

State 25 file control_system.c line 30 function main thread 0
----------------------------------------------------
  state.prev_state=2 (00000000000000000000000000000010)

State 28 file control_system.c line 32 function main thread 0
----------------------------------------------------
  slope=9 (00000000000000000000000000001001)

State 29 file control_system.c line 32 function main thread 0
----------------------------------------------------
  dir=1 (00000000000000000000000000000001)

State 30 file control_system.c line 32 function main thread 0
----------------------------------------------------
  state={ .current_state=2, .prev_state=2 } ({ 00000000000000000000000000000010, 00000000000000000000000000000010 })

Violated property:
  file control_system.c line 41 function state_control
  assertion state.current_state == 1 && state.prev_state == 4
  state.current_state == 1 && state.prev_state == 4

VERIFICATION FAILED
